<?xml version="1.0" encoding="UTF-8"?>
<!-- Generated by org.testng.reporters.JUnitReportReporter -->
<testsuite skipped="0" hostname="ASD350" name="AutomationOnboarding.Login" tests="6" failures="0" timestamp="11 Feb 2022 12:47:38 GMT" time="225.471" errors="0">
  <testcase name="registrationSelectionFunction" time="41.527" classname="AutomationOnboarding.Login"/>
  <testcase name="registrationSelectionFunction" time="30.293" classname="AutomationOnboarding.Login"/>
  <testcase name="registrationSelectionFunction" time="40.329" classname="AutomationOnboarding.Login"/>
  <testcase name="registrationSelectionFunction" time="30.353" classname="AutomationOnboarding.Login"/>
  <testcase name="registrationSelectionFunction" time="40.283" classname="AutomationOnboarding.Login"/>
  <testcase name="registrationSelectionFunction" time="42.686" classname="AutomationOnboarding.Login"/>
</testsuite> <!-- AutomationOnboarding.Login -->
